[2026-05-27 21:37:38] local.INFO: Detected N+1 Query  
[2026-05-27 21:37:38] local.INFO: Model: App\Models\Notification
Relation: App\Models\NotificationRecipient
Num-Called: 3
Call-Stack:
#13 \vendor\laravel\framework\src\Illuminate\Support\Traits\ForwardsCalls.php:23
#14 \vendor\laravel\framework\src\Illuminate\Support\Traits\ForwardsCalls.php:52
#16 \app\Models\Notification.php:31
#17 \storage\framework\views\af80108416b6042c2c958b649d17f83f1eed316d.php:34
#19 \vendor\laravel\framework\src\Illuminate\Filesystem\Filesystem.php:108
#20 \vendor\laravel\framework\src\Illuminate\View\Engines\PhpEngine.php:58
#21 \vendor\livewire\livewire\src\ComponentConcerns\RendersLivewireComponents.php:69
#22 \vendor\laravel\framework\src\Illuminate\View\Engines\CompilerEngine.php:61
#23 \vendor\facade\ignition\src\Views\Engines\CompilerEngine.php:37
#24 \vendor\livewire\livewire\src\ComponentConcerns\RendersLivewireComponents.php:35
#25 \vendor\laravel\framework\src\Illuminate\View\View.php:139
#26 \vendor\laravel\framework\src\Illuminate\View\View.php:122
#27 \vendor\laravel\framework\src\Illuminate\View\View.php:91
#28 \vendor\laravel\framework\src\Illuminate\Http\Response.php:69
#29 \vendor\laravel\framework\src\Illuminate\Http\Response.php:35
#30 \vendor\laravel\framework\src\Illuminate\Routing\Router.php:820
#31 \vendor\laravel\framework\src\Illuminate\Routing\Router.php:789
#32 \vendor\laravel\framework\src\Illuminate\Routing\Router.php:721
#33 \vendor\laravel\framework\src\Illuminate\Pipeline\Pipeline.php:128
#34 \vendor\laravel\framework\src\Illuminate\Session\Middleware\AuthenticateSession.php:58
#35 \vendor\laravel\framework\src\Illuminate\Pipeline\Pipeline.php:167
#36 \vendor\laravel\framework\src\Illuminate\Routing\Middleware\SubstituteBindings.php:50
#37 \vendor\laravel\framework\src\Illuminate\Pipeline\Pipeline.php:167
#38 \vendor\laravel\framework\src\Illuminate\Auth\Middleware\Authenticate.php:44
#39 \vendor\laravel\framework\src\Illuminate\Pipeline\Pipeline.php:167
#40 \app\Http\Middleware\VerifyCsrfToken.php:25
#41 \vendor\laravel\framework\src\Illuminate\Pipeline\Pipeline.php:167
#42 \vendor\laravel\framework\src\Illuminate\View\Middleware\ShareErrorsFromSession.php:49
#43 \vendor\laravel\framework\src\Illuminate\Pipeline\Pipeline.php:167
#44 \vendor\laravel\framework\src\Illuminate\Session\Middleware\StartSession.php:121
#45 \vendor\laravel\framework\src\Illuminate\Session\Middleware\StartSession.php:64
#46 \vendor\laravel\framework\src\Illuminate\Pipeline\Pipeline.php:167
#47 \vendor\laravel\framework\src\Illuminate\Cookie\Middleware\AddQueuedCookiesToResponse.php:37
#48 \vendor\laravel\framework\src\Illuminate\Pipeline\Pipeline.php:167
#49 \vendor\laravel\framework\src\Illuminate\Cookie\Middleware\EncryptCookies.php:67
  
[2026-05-27 21:37:38] local.INFO: Model: App\Models\Notification
Relation: App\Models\NotificationRecipient
Num-Called: 3
Call-Stack:
#13 \vendor\laravel\framework\src\Illuminate\Support\Traits\ForwardsCalls.php:23
#14 \vendor\laravel\framework\src\Illuminate\Support\Traits\ForwardsCalls.php:52
#16 \app\Models\Notification.php:36
#17 \storage\framework\views\af80108416b6042c2c958b649d17f83f1eed316d.php:35
#19 \vendor\laravel\framework\src\Illuminate\Filesystem\Filesystem.php:108
#20 \vendor\laravel\framework\src\Illuminate\View\Engines\PhpEngine.php:58
#21 \vendor\livewire\livewire\src\ComponentConcerns\RendersLivewireComponents.php:69
#22 \vendor\laravel\framework\src\Illuminate\View\Engines\CompilerEngine.php:61
#23 \vendor\facade\ignition\src\Views\Engines\CompilerEngine.php:37
#24 \vendor\livewire\livewire\src\ComponentConcerns\RendersLivewireComponents.php:35
#25 \vendor\laravel\framework\src\Illuminate\View\View.php:139
#26 \vendor\laravel\framework\src\Illuminate\View\View.php:122
#27 \vendor\laravel\framework\src\Illuminate\View\View.php:91
#28 \vendor\laravel\framework\src\Illuminate\Http\Response.php:69
#29 \vendor\laravel\framework\src\Illuminate\Http\Response.php:35
#30 \vendor\laravel\framework\src\Illuminate\Routing\Router.php:820
#31 \vendor\laravel\framework\src\Illuminate\Routing\Router.php:789
#32 \vendor\laravel\framework\src\Illuminate\Routing\Router.php:721
#33 \vendor\laravel\framework\src\Illuminate\Pipeline\Pipeline.php:128
#34 \vendor\laravel\framework\src\Illuminate\Session\Middleware\AuthenticateSession.php:58
#35 \vendor\laravel\framework\src\Illuminate\Pipeline\Pipeline.php:167
#36 \vendor\laravel\framework\src\Illuminate\Routing\Middleware\SubstituteBindings.php:50
#37 \vendor\laravel\framework\src\Illuminate\Pipeline\Pipeline.php:167
#38 \vendor\laravel\framework\src\Illuminate\Auth\Middleware\Authenticate.php:44
#39 \vendor\laravel\framework\src\Illuminate\Pipeline\Pipeline.php:167
#40 \app\Http\Middleware\VerifyCsrfToken.php:25
#41 \vendor\laravel\framework\src\Illuminate\Pipeline\Pipeline.php:167
#42 \vendor\laravel\framework\src\Illuminate\View\Middleware\ShareErrorsFromSession.php:49
#43 \vendor\laravel\framework\src\Illuminate\Pipeline\Pipeline.php:167
#44 \vendor\laravel\framework\src\Illuminate\Session\Middleware\StartSession.php:121
#45 \vendor\laravel\framework\src\Illuminate\Session\Middleware\StartSession.php:64
#46 \vendor\laravel\framework\src\Illuminate\Pipeline\Pipeline.php:167
#47 \vendor\laravel\framework\src\Illuminate\Cookie\Middleware\AddQueuedCookiesToResponse.php:37
#48 \vendor\laravel\framework\src\Illuminate\Pipeline\Pipeline.php:167
#49 \vendor\laravel\framework\src\Illuminate\Cookie\Middleware\EncryptCookies.php:67
  
[2026-05-27 21:38:10] local.INFO: Detected N+1 Query  
[2026-05-27 21:38:10] local.INFO: Model: App\Models\Notification
Relation: App\Models\NotificationRecipient
Num-Called: 4
Call-Stack:
#13 \vendor\laravel\framework\src\Illuminate\Support\Traits\ForwardsCalls.php:23
#14 \vendor\laravel\framework\src\Illuminate\Support\Traits\ForwardsCalls.php:52
#16 \app\Models\Notification.php:31
#17 \storage\framework\views\af80108416b6042c2c958b649d17f83f1eed316d.php:34
#19 \vendor\laravel\framework\src\Illuminate\Filesystem\Filesystem.php:108
#20 \vendor\laravel\framework\src\Illuminate\View\Engines\PhpEngine.php:58
#21 \vendor\livewire\livewire\src\ComponentConcerns\RendersLivewireComponents.php:69
#22 \vendor\laravel\framework\src\Illuminate\View\Engines\CompilerEngine.php:61
#23 \vendor\facade\ignition\src\Views\Engines\CompilerEngine.php:37
#24 \vendor\livewire\livewire\src\ComponentConcerns\RendersLivewireComponents.php:35
#25 \vendor\laravel\framework\src\Illuminate\View\View.php:139
#26 \vendor\laravel\framework\src\Illuminate\View\View.php:122
#27 \vendor\laravel\framework\src\Illuminate\View\View.php:91
#28 \vendor\laravel\framework\src\Illuminate\Http\Response.php:69
#29 \vendor\laravel\framework\src\Illuminate\Http\Response.php:35
#30 \vendor\laravel\framework\src\Illuminate\Routing\Router.php:820
#31 \vendor\laravel\framework\src\Illuminate\Routing\Router.php:789
#32 \vendor\laravel\framework\src\Illuminate\Routing\Router.php:721
#33 \vendor\laravel\framework\src\Illuminate\Pipeline\Pipeline.php:128
#34 \vendor\laravel\framework\src\Illuminate\Session\Middleware\AuthenticateSession.php:58
#35 \vendor\laravel\framework\src\Illuminate\Pipeline\Pipeline.php:167
#36 \vendor\laravel\framework\src\Illuminate\Routing\Middleware\SubstituteBindings.php:50
#37 \vendor\laravel\framework\src\Illuminate\Pipeline\Pipeline.php:167
#38 \vendor\laravel\framework\src\Illuminate\Auth\Middleware\Authenticate.php:44
#39 \vendor\laravel\framework\src\Illuminate\Pipeline\Pipeline.php:167
#40 \app\Http\Middleware\VerifyCsrfToken.php:25
#41 \vendor\laravel\framework\src\Illuminate\Pipeline\Pipeline.php:167
#42 \vendor\laravel\framework\src\Illuminate\View\Middleware\ShareErrorsFromSession.php:49
#43 \vendor\laravel\framework\src\Illuminate\Pipeline\Pipeline.php:167
#44 \vendor\laravel\framework\src\Illuminate\Session\Middleware\StartSession.php:121
#45 \vendor\laravel\framework\src\Illuminate\Session\Middleware\StartSession.php:64
#46 \vendor\laravel\framework\src\Illuminate\Pipeline\Pipeline.php:167
#47 \vendor\laravel\framework\src\Illuminate\Cookie\Middleware\AddQueuedCookiesToResponse.php:37
#48 \vendor\laravel\framework\src\Illuminate\Pipeline\Pipeline.php:167
#49 \vendor\laravel\framework\src\Illuminate\Cookie\Middleware\EncryptCookies.php:67
  
[2026-05-27 21:38:10] local.INFO: Model: App\Models\Notification
Relation: App\Models\NotificationRecipient
Num-Called: 4
Call-Stack:
#13 \vendor\laravel\framework\src\Illuminate\Support\Traits\ForwardsCalls.php:23
#14 \vendor\laravel\framework\src\Illuminate\Support\Traits\ForwardsCalls.php:52
#16 \app\Models\Notification.php:36
#17 \storage\framework\views\af80108416b6042c2c958b649d17f83f1eed316d.php:35
#19 \vendor\laravel\framework\src\Illuminate\Filesystem\Filesystem.php:108
#20 \vendor\laravel\framework\src\Illuminate\View\Engines\PhpEngine.php:58
#21 \vendor\livewire\livewire\src\ComponentConcerns\RendersLivewireComponents.php:69
#22 \vendor\laravel\framework\src\Illuminate\View\Engines\CompilerEngine.php:61
#23 \vendor\facade\ignition\src\Views\Engines\CompilerEngine.php:37
#24 \vendor\livewire\livewire\src\ComponentConcerns\RendersLivewireComponents.php:35
#25 \vendor\laravel\framework\src\Illuminate\View\View.php:139
#26 \vendor\laravel\framework\src\Illuminate\View\View.php:122
#27 \vendor\laravel\framework\src\Illuminate\View\View.php:91
#28 \vendor\laravel\framework\src\Illuminate\Http\Response.php:69
#29 \vendor\laravel\framework\src\Illuminate\Http\Response.php:35
#30 \vendor\laravel\framework\src\Illuminate\Routing\Router.php:820
#31 \vendor\laravel\framework\src\Illuminate\Routing\Router.php:789
#32 \vendor\laravel\framework\src\Illuminate\Routing\Router.php:721
#33 \vendor\laravel\framework\src\Illuminate\Pipeline\Pipeline.php:128
#34 \vendor\laravel\framework\src\Illuminate\Session\Middleware\AuthenticateSession.php:58
#35 \vendor\laravel\framework\src\Illuminate\Pipeline\Pipeline.php:167
#36 \vendor\laravel\framework\src\Illuminate\Routing\Middleware\SubstituteBindings.php:50
#37 \vendor\laravel\framework\src\Illuminate\Pipeline\Pipeline.php:167
#38 \vendor\laravel\framework\src\Illuminate\Auth\Middleware\Authenticate.php:44
#39 \vendor\laravel\framework\src\Illuminate\Pipeline\Pipeline.php:167
#40 \app\Http\Middleware\VerifyCsrfToken.php:25
#41 \vendor\laravel\framework\src\Illuminate\Pipeline\Pipeline.php:167
#42 \vendor\laravel\framework\src\Illuminate\View\Middleware\ShareErrorsFromSession.php:49
#43 \vendor\laravel\framework\src\Illuminate\Pipeline\Pipeline.php:167
#44 \vendor\laravel\framework\src\Illuminate\Session\Middleware\StartSession.php:121
#45 \vendor\laravel\framework\src\Illuminate\Session\Middleware\StartSession.php:64
#46 \vendor\laravel\framework\src\Illuminate\Pipeline\Pipeline.php:167
#47 \vendor\laravel\framework\src\Illuminate\Cookie\Middleware\AddQueuedCookiesToResponse.php:37
#48 \vendor\laravel\framework\src\Illuminate\Pipeline\Pipeline.php:167
#49 \vendor\laravel\framework\src\Illuminate\Cookie\Middleware\EncryptCookies.php:67
  
[2026-05-27 21:38:30] local.INFO: Detected N+1 Query  
[2026-05-27 21:38:30] local.INFO: Model: App\Models\Notification
Relation: App\Models\NotificationRecipient
Num-Called: 5
Call-Stack:
#13 \vendor\laravel\framework\src\Illuminate\Support\Traits\ForwardsCalls.php:23
#14 \vendor\laravel\framework\src\Illuminate\Support\Traits\ForwardsCalls.php:52
#16 \app\Models\Notification.php:31
#17 \storage\framework\views\af80108416b6042c2c958b649d17f83f1eed316d.php:34
#19 \vendor\laravel\framework\src\Illuminate\Filesystem\Filesystem.php:108
#20 \vendor\laravel\framework\src\Illuminate\View\Engines\PhpEngine.php:58
#21 \vendor\livewire\livewire\src\ComponentConcerns\RendersLivewireComponents.php:69
#22 \vendor\laravel\framework\src\Illuminate\View\Engines\CompilerEngine.php:61
#23 \vendor\facade\ignition\src\Views\Engines\CompilerEngine.php:37
#24 \vendor\livewire\livewire\src\ComponentConcerns\RendersLivewireComponents.php:35
#25 \vendor\laravel\framework\src\Illuminate\View\View.php:139
#26 \vendor\laravel\framework\src\Illuminate\View\View.php:122
#27 \vendor\laravel\framework\src\Illuminate\View\View.php:91
#28 \vendor\laravel\framework\src\Illuminate\Http\Response.php:69
#29 \vendor\laravel\framework\src\Illuminate\Http\Response.php:35
#30 \vendor\laravel\framework\src\Illuminate\Routing\Router.php:820
#31 \vendor\laravel\framework\src\Illuminate\Routing\Router.php:789
#32 \vendor\laravel\framework\src\Illuminate\Routing\Router.php:721
#33 \vendor\laravel\framework\src\Illuminate\Pipeline\Pipeline.php:128
#34 \vendor\laravel\framework\src\Illuminate\Session\Middleware\AuthenticateSession.php:58
#35 \vendor\laravel\framework\src\Illuminate\Pipeline\Pipeline.php:167
#36 \vendor\laravel\framework\src\Illuminate\Routing\Middleware\SubstituteBindings.php:50
#37 \vendor\laravel\framework\src\Illuminate\Pipeline\Pipeline.php:167
#38 \vendor\laravel\framework\src\Illuminate\Auth\Middleware\Authenticate.php:44
#39 \vendor\laravel\framework\src\Illuminate\Pipeline\Pipeline.php:167
#40 \app\Http\Middleware\VerifyCsrfToken.php:25
#41 \vendor\laravel\framework\src\Illuminate\Pipeline\Pipeline.php:167
#42 \vendor\laravel\framework\src\Illuminate\View\Middleware\ShareErrorsFromSession.php:49
#43 \vendor\laravel\framework\src\Illuminate\Pipeline\Pipeline.php:167
#44 \vendor\laravel\framework\src\Illuminate\Session\Middleware\StartSession.php:121
#45 \vendor\laravel\framework\src\Illuminate\Session\Middleware\StartSession.php:64
#46 \vendor\laravel\framework\src\Illuminate\Pipeline\Pipeline.php:167
#47 \vendor\laravel\framework\src\Illuminate\Cookie\Middleware\AddQueuedCookiesToResponse.php:37
#48 \vendor\laravel\framework\src\Illuminate\Pipeline\Pipeline.php:167
#49 \vendor\laravel\framework\src\Illuminate\Cookie\Middleware\EncryptCookies.php:67
  
[2026-05-27 21:38:30] local.INFO: Model: App\Models\Notification
Relation: App\Models\NotificationRecipient
Num-Called: 5
Call-Stack:
#13 \vendor\laravel\framework\src\Illuminate\Support\Traits\ForwardsCalls.php:23
#14 \vendor\laravel\framework\src\Illuminate\Support\Traits\ForwardsCalls.php:52
#16 \app\Models\Notification.php:36
#17 \storage\framework\views\af80108416b6042c2c958b649d17f83f1eed316d.php:35
#19 \vendor\laravel\framework\src\Illuminate\Filesystem\Filesystem.php:108
#20 \vendor\laravel\framework\src\Illuminate\View\Engines\PhpEngine.php:58
#21 \vendor\livewire\livewire\src\ComponentConcerns\RendersLivewireComponents.php:69
#22 \vendor\laravel\framework\src\Illuminate\View\Engines\CompilerEngine.php:61
#23 \vendor\facade\ignition\src\Views\Engines\CompilerEngine.php:37
#24 \vendor\livewire\livewire\src\ComponentConcerns\RendersLivewireComponents.php:35
#25 \vendor\laravel\framework\src\Illuminate\View\View.php:139
#26 \vendor\laravel\framework\src\Illuminate\View\View.php:122
#27 \vendor\laravel\framework\src\Illuminate\View\View.php:91
#28 \vendor\laravel\framework\src\Illuminate\Http\Response.php:69
#29 \vendor\laravel\framework\src\Illuminate\Http\Response.php:35
#30 \vendor\laravel\framework\src\Illuminate\Routing\Router.php:820
#31 \vendor\laravel\framework\src\Illuminate\Routing\Router.php:789
#32 \vendor\laravel\framework\src\Illuminate\Routing\Router.php:721
#33 \vendor\laravel\framework\src\Illuminate\Pipeline\Pipeline.php:128
#34 \vendor\laravel\framework\src\Illuminate\Session\Middleware\AuthenticateSession.php:58
#35 \vendor\laravel\framework\src\Illuminate\Pipeline\Pipeline.php:167
#36 \vendor\laravel\framework\src\Illuminate\Routing\Middleware\SubstituteBindings.php:50
#37 \vendor\laravel\framework\src\Illuminate\Pipeline\Pipeline.php:167
#38 \vendor\laravel\framework\src\Illuminate\Auth\Middleware\Authenticate.php:44
#39 \vendor\laravel\framework\src\Illuminate\Pipeline\Pipeline.php:167
#40 \app\Http\Middleware\VerifyCsrfToken.php:25
#41 \vendor\laravel\framework\src\Illuminate\Pipeline\Pipeline.php:167
#42 \vendor\laravel\framework\src\Illuminate\View\Middleware\ShareErrorsFromSession.php:49
#43 \vendor\laravel\framework\src\Illuminate\Pipeline\Pipeline.php:167
#44 \vendor\laravel\framework\src\Illuminate\Session\Middleware\StartSession.php:121
#45 \vendor\laravel\framework\src\Illuminate\Session\Middleware\StartSession.php:64
#46 \vendor\laravel\framework\src\Illuminate\Pipeline\Pipeline.php:167
#47 \vendor\laravel\framework\src\Illuminate\Cookie\Middleware\AddQueuedCookiesToResponse.php:37
#48 \vendor\laravel\framework\src\Illuminate\Pipeline\Pipeline.php:167
#49 \vendor\laravel\framework\src\Illuminate\Cookie\Middleware\EncryptCookies.php:67
  
[2026-05-27 23:08:26] local.INFO: Detected N+1 Query  
[2026-05-27 23:08:26] local.INFO: Model: App\Models\Bookers
Relation: event
Num-Called: 2
Call-Stack:
#19 \app\Http\Controllers\BulkBookingController.php:271
#22 \vendor\laravel\framework\src\Illuminate\Support\Facades\Facade.php:261
#23 \app\Http\Controllers\BulkBookingController.php:306
#24 \vendor\laravel\framework\src\Illuminate\Routing\Controller.php:54
#25 \vendor\laravel\framework\src\Illuminate\Routing\ControllerDispatcher.php:45
#26 \vendor\laravel\framework\src\Illuminate\Routing\Route.php:262
#27 \vendor\laravel\framework\src\Illuminate\Routing\Route.php:205
#28 \vendor\laravel\framework\src\Illuminate\Routing\Router.php:721
#29 \vendor\laravel\framework\src\Illuminate\Pipeline\Pipeline.php:128
#30 \vendor\laravel\framework\src\Illuminate\Session\Middleware\AuthenticateSession.php:58
#31 \vendor\laravel\framework\src\Illuminate\Pipeline\Pipeline.php:167
#32 \vendor\laravel\framework\src\Illuminate\Routing\Middleware\SubstituteBindings.php:50
#33 \vendor\laravel\framework\src\Illuminate\Pipeline\Pipeline.php:167
#34 \vendor\laravel\framework\src\Illuminate\Auth\Middleware\Authenticate.php:44
#35 \vendor\laravel\framework\src\Illuminate\Pipeline\Pipeline.php:167
#36 \app\Http\Middleware\VerifyCsrfToken.php:25
#37 \vendor\laravel\framework\src\Illuminate\Pipeline\Pipeline.php:167
#38 \vendor\laravel\framework\src\Illuminate\View\Middleware\ShareErrorsFromSession.php:49
#39 \vendor\laravel\framework\src\Illuminate\Pipeline\Pipeline.php:167
#40 \vendor\laravel\framework\src\Illuminate\Session\Middleware\StartSession.php:121
#41 \vendor\laravel\framework\src\Illuminate\Session\Middleware\StartSession.php:64
#42 \vendor\laravel\framework\src\Illuminate\Pipeline\Pipeline.php:167
#43 \vendor\laravel\framework\src\Illuminate\Cookie\Middleware\AddQueuedCookiesToResponse.php:37
#44 \vendor\laravel\framework\src\Illuminate\Pipeline\Pipeline.php:167
#45 \vendor\laravel\framework\src\Illuminate\Cookie\Middleware\EncryptCookies.php:67
#46 \vendor\laravel\framework\src\Illuminate\Pipeline\Pipeline.php:167
#47 \vendor\laravel\framework\src\Illuminate\Pipeline\Pipeline.php:103
#48 \vendor\laravel\framework\src\Illuminate\Routing\Router.php:723
#49 \vendor\laravel\framework\src\Illuminate\Routing\Router.php:698
  
